-----------------------------
2025-03-05 21:28:15 - Nouveau jour de surveillance
2025-03-05 21:28:17 - Nouvelles fenêtres ajoutées :
0x03e00004  0 aidan THE_COMMAND.txt - Collect_info - Visual Studio Code
-----------------------------
2025-03-05 21:28:17 - Fenêtres fermées :
0x03e00004  0 aidan window_changes.log - Collect_info - Visual Studio Code
-----------------------------
2025-03-05 21:28:19 - Nouvelles fenêtres ajoutées :
0x03e00004  0 aidan Preview how_to_run.md - Collect_info - Visual Studio Code
-----------------------------
2025-03-05 21:28:19 - Fenêtres fermées :
0x03e00004  0 aidan THE_COMMAND.txt - Collect_info - Visual Studio Code
-----------------------------
2025-03-05 21:28:21 - Nouvelles fenêtres ajoutées :
0x03e00004  0 aidan corrected_try_script.sh - Collect_info - Visual Studio Code
-----------------------------
2025-03-05 21:28:21 - Fenêtres fermées :
0x03e00004  0 aidan Preview how_to_run.md - Collect_info - Visual Studio Code
-----------------------------
2025-03-05 21:28:32 - Nouvelles fenêtres ajoutées :
0x03e00004  0 aidan window_changes.log - Collect_info - Visual Studio Code
-----------------------------
2025-03-05 21:28:32 - Fenêtres fermées :
0x03e00004  0 aidan corrected_try_script.sh - Collect_info - Visual Studio Code
-----------------------------
2025-03-05 21:29:51 - Nouvelles fenêtres ajoutées :
0x03000006  0 aidan 「 Nightcore 」→ Twinkle Star (Feat. Shiori)『 花澤 香菜 __ Kana Hanazawa 』.mp4 - VLC media player
-----------------------------
2025-03-05 21:29:51 - Fenêtres fermées :
0x03000006  0 aidan 『It's All Right』.mp4 - VLC media player
-----------------------------
2025-03-05 21:33:32 - Nouvelles fenêtres ajoutées :
0x03000006  0 aidan 『Oh! My☆God!!』.mp4 - VLC media player
-----------------------------
2025-03-05 21:33:32 - Fenêtres fermées :
0x03000006  0 aidan 「 Nightcore 」→ Twinkle Star (Feat. Shiori)『 花澤 香菜 __ Kana Hanazawa 』.mp4 - VLC media player
-----------------------------
2025-03-05 21:38:10 - Nouvelles fenêtres ajoutées :
0x03000006  0 aidan Twinkle-Star-By-Shiori-Kana-Hanazawa Download link in description.mp4 - VLC media player
-----------------------------
2025-03-05 21:38:10 - Fenêtres fermées :
0x03000006  0 aidan 『Oh! My☆God!!』.mp4 - VLC media player
-----------------------------
2025-03-05 21:41:11 - Nouvelles fenêtres ajoutées :
0x03000006  0 aidan Ai no Yokan - Itou Kanae & more 【Lyrics】.mp4 - VLC media player
-----------------------------
2025-03-05 21:41:11 - Fenêtres fermées :
0x03000006  0 aidan Twinkle-Star-By-Shiori-Kana-Hanazawa Download link in description.mp4 - VLC media player
-----------------------------
2025-03-05 21:45:02 - Nouvelles fenêtres ajoutées :
0x03e00004  0 aidan technique.txt - Collect_info - Visual Studio Code
-----------------------------
2025-03-05 21:45:02 - Fenêtres fermées :
0x03e00004  0 aidan window_changes.log - Collect_info - Visual Studio Code
-----------------------------
2025-03-05 21:45:04 - Nouvelles fenêtres ajoutées :
0x03e00004  0 aidan corrected_monitor_windows.sh - Collect_info - Visual Studio Code
-----------------------------
2025-03-05 21:45:04 - Fenêtres fermées :
0x03e00004  0 aidan technique.txt - Collect_info - Visual Studio Code
-----------------------------
2025-03-05 21:45:09 - Nouvelles fenêtres ajoutées :
0x03e00004  0 aidan corrected_try_script.sh - Collect_info - Visual Studio Code
-----------------------------
2025-03-05 21:45:09 - Fenêtres fermées :
0x03e00004  0 aidan corrected_monitor_windows.sh - Collect_info - Visual Studio Code
-----------------------------
2025-03-05 21:45:21 - Nouvelles fenêtres ajoutées :
0x03000006  0 aidan 『Happy Crescent』.mp4 - VLC media player
-----------------------------
2025-03-05 21:45:21 - Fenêtres fermées :
0x03000006  0 aidan Ai no Yokan - Itou Kanae & more 【Lyrics】.mp4 - VLC media player
-----------------------------
2025-03-05 21:45:29 - Nouvelles fenêtres ajoutées :
0x04a0001c  0 aidan New Tab - Google Chrome
-----------------------------
2025-03-05 21:45:29 - Fenêtres fermées :
0x04a0001c  0 aidan Etat des fichiers ouverts - Google Chrome
-----------------------------
2025-03-05 21:45:35 - Nouvelles fenêtres ajoutées :
0x04a0001c  0 aidan IN straykids - Recherche Google - Google Chrome
-----------------------------
2025-03-05 21:45:35 - Fenêtres fermées :
0x04a0001c  0 aidan New Tab - Google Chrome
-----------------------------
2025-03-05 21:45:55 - Nouvelles fenêtres ajoutées :
0x04a0001c  0 aidan Etat des fichiers ouverts - Google Chrome
-----------------------------
2025-03-05 21:45:55 - Fenêtres fermées :
0x04a0001c  0 aidan IN straykids - Recherche Google - Google Chrome
-----------------------------
2025-03-05 21:46:22 - Nouvelles fenêtres ajoutées :
0x03e00004  0 aidan get_closing_time.txt - Collect_info - Visual Studio Code
-----------------------------
2025-03-05 21:46:22 - Fenêtres fermées :
0x03e00004  0 aidan corrected_try_script.sh - Collect_info - Visual Studio Code
-----------------------------
2025-03-05 21:46:24 - Nouvelles fenêtres ajoutées :
0x03e00004  0 aidan fermeture.sh - Collect_info - Visual Studio Code
-----------------------------
2025-03-05 21:46:24 - Fenêtres fermées :
0x03e00004  0 aidan get_closing_time.txt - Collect_info - Visual Studio Code
-----------------------------
2025-03-05 21:46:50 - Nouvelles fenêtres ajoutées :
0x03e00004  0 aidan corrected_try_script.sh - Collect_info - Visual Studio Code
-----------------------------
2025-03-05 21:46:50 - Fenêtres fermées :
0x03e00004  0 aidan fermeture.sh - Collect_info - Visual Studio Code
-----------------------------
2025-03-05 21:49:00 - Nouvelles fenêtres ajoutées :
0x03000006  0 aidan facebook_video_1692883256215.mp4 - VLC media player
-----------------------------
2025-03-05 21:49:00 - Fenêtres fermées :
0x03000006  0 aidan 『Happy Crescent』.mp4 - VLC media player
-----------------------------
2025-03-05 21:51:53 - Nouvelles fenêtres ajoutées :
0x03000006  0 aidan 418217831909315 - VLC media player
-----------------------------
2025-03-05 21:51:53 - Fenêtres fermées :
0x03000006  0 aidan facebook_video_1692883256215.mp4 - VLC media player
-----------------------------
2025-03-05 21:55:27 - Nouvelles fenêtres ajoutées :
0x03000006  0 aidan facebook_video_1692882736684.mp4 - VLC media player
-----------------------------
2025-03-05 21:55:27 - Fenêtres fermées :
0x03000006  0 aidan 418217831909315 - VLC media player
-----------------------------
2025-03-05 21:55:43 - Nouvelles fenêtres ajoutées :
0x03e00004  0 aidan test_file_opened.txt - Collect_info - Visual Studio Code
-----------------------------
2025-03-05 21:55:43 - Fenêtres fermées :
0x03e00004  0 aidan corrected_try_script.sh - Collect_info - Visual Studio Code
-----------------------------
2025-03-05 21:55:45 - Nouvelles fenêtres ajoutées :
0x03e00004  0 aidan ● test_file_opened.txt - Collect_info - Visual Studio Code
-----------------------------
2025-03-05 21:55:45 - Fenêtres fermées :
0x03e00004  0 aidan test_file_opened.txt - Collect_info - Visual Studio Code
-----------------------------
2025-03-05 21:55:51 - Nouvelles fenêtres ajoutées :
0x03e00004  0 aidan test_file_opened.txt - Collect_info - Visual Studio Code
-----------------------------
2025-03-05 21:55:51 - Fenêtres fermées :
0x03e00004  0 aidan ● test_file_opened.txt - Collect_info - Visual Studio Code
-----------------------------
2025-03-05 21:58:58 - Nouvelles fenêtres ajoutées :
0x03000006  0 aidan 『Tatta Ichido no Kiseki』.mp4 - VLC media player
-----------------------------
2025-03-05 21:58:58 - Fenêtres fermées :
0x03000006  0 aidan facebook_video_1692882736684.mp4 - VLC media player
-----------------------------
2025-03-05 21:59:02 - Nouvelles fenêtres ajoutées :
0x03000006  0 aidan 259282363707798 - VLC media player
-----------------------------
2025-03-05 21:59:02 - Fenêtres fermées :
0x03000006  0 aidan 『Tatta Ichido no Kiseki』.mp4 - VLC media player
-----------------------------
2025-03-05 21:59:04 - Nouvelles fenêtres ajoutées :
0x03000006  0 aidan 『Tatta Ichido no Kiseki』.mp4 - VLC media player
-----------------------------
2025-03-05 21:59:04 - Fenêtres fermées :
0x03000006  0 aidan 259282363707798 - VLC media player
-----------------------------
2025-03-05 21:59:06 - Nouvelles fenêtres ajoutées :
0x03000006  0 aidan [Kanji_Romaji_English] Hyouka-Kimi ni Matsuwaru Mystery (Ending 2) 君にまつわるミステリー(1).mp4 - VLC media player
-----------------------------
2025-03-05 21:59:06 - Fenêtres fermées :
0x03000006  0 aidan 『Tatta Ichido no Kiseki』.mp4 - VLC media player
-----------------------------
2025-03-05 21:59:08 - Nouvelles fenêtres ajoutées :
0x03000006  0 aidan 『It's All Right』.mp4 - VLC media player
-----------------------------
2025-03-05 21:59:08 - Fenêtres fermées :
0x03000006  0 aidan [Kanji_Romaji_English] Hyouka-Kimi ni Matsuwaru Mystery (Ending 2) 君にまつわるミステリー(1).mp4 - VLC media player
-----------------------------
2025-03-05 21:59:10 - Nouvelles fenêtres ajoutées :
0x03000006  0 aidan Ai no Yokan - Itou Kanae & more 【Lyrics】.mp4 - VLC media player
-----------------------------
2025-03-05 21:59:10 - Fenêtres fermées :
0x03000006  0 aidan 『It's All Right』.mp4 - VLC media player
-----------------------------
2025-03-05 21:59:12 - Nouvelles fenêtres ajoutées :
0x03000006  0 aidan 【MAD】ONEPIECE ワノ国 × かくれんぼ 【鬼ヶ島頂上決戦編】.mp4 - VLC media player
-----------------------------
2025-03-05 21:59:12 - Fenêtres fermées :
0x03000006  0 aidan Ai no Yokan - Itou Kanae & more 【Lyrics】.mp4 - VLC media player
-----------------------------
2025-03-05 21:59:14 - Nouvelles fenêtres ajoutées :
0x03000006  0 aidan This Game - OP Full - No Game No Life by Konomi Suzuki (Lyrics).mp4 - VLC media player
-----------------------------
2025-03-05 21:59:14 - Fenêtres fermées :
0x03000006  0 aidan 【MAD】ONEPIECE ワノ国 × かくれんぼ 【鬼ヶ島頂上決戦編】.mp4 - VLC media player
-----------------------------
2025-03-05 21:59:16 - Nouvelles fenêtres ajoutées :
0x03000006  0 aidan 418217831909315 - VLC media player
-----------------------------
2025-03-05 21:59:16 - Fenêtres fermées :
0x03000006  0 aidan This Game - OP Full - No Game No Life by Konomi Suzuki (Lyrics).mp4 - VLC media player
-----------------------------
2025-03-05 21:59:18 - Nouvelles fenêtres ajoutées :
0x03000006  0 aidan facebook_video_1692883256215.mp4 - VLC media player
-----------------------------
2025-03-05 21:59:18 - Fenêtres fermées :
0x03000006  0 aidan 418217831909315 - VLC media player
-----------------------------
2025-03-05 21:59:20 - Nouvelles fenêtres ajoutées :
0x03000006  0 aidan 『Happy Crescent』.mp4 - VLC media player
-----------------------------
2025-03-05 21:59:20 - Fenêtres fermées :
0x03000006  0 aidan facebook_video_1692883256215.mp4 - VLC media player
-----------------------------
2025-03-05 21:59:22 - Nouvelles fenêtres ajoutées :
0x03000006  0 aidan facebook_video_1692882736684.mp4 - VLC media player
-----------------------------
2025-03-05 21:59:22 - Fenêtres fermées :
0x03000006  0 aidan 『Happy Crescent』.mp4 - VLC media player
-----------------------------
2025-03-05 21:59:51 - Nouvelles fenêtres ajoutées :
0x04a0001c  0 aidan Affichage des demandes - Google Chrome
-----------------------------
2025-03-05 21:59:51 - Fenêtres fermées :
0x04a0001c  0 aidan Etat des fichiers ouverts - Google Chrome
-----------------------------
2025-03-05 22:03:18 - Nouvelles fenêtres ajoutées :
0x03000006  0 aidan The World God Only Knows - All 4 You AMV.mp4 - VLC media player
-----------------------------
2025-03-05 22:03:18 - Fenêtres fermées :
0x03000006  0 aidan facebook_video_1692882736684.mp4 - VLC media player
-----------------------------
2025-03-05 22:03:20 - Nouvelles fenêtres ajoutées :
0x03e00004  0 aidan window_changes.log - Collect_info - Visual Studio Code
-----------------------------
2025-03-05 22:03:20 - Fenêtres fermées :
0x03e00004  0 aidan test_file_opened.txt - Collect_info - Visual Studio Code
-----------------------------
2025-03-05 22:03:45 - Nouvelles fenêtres ajoutées :
0x03e00004  0 aidan test_file_opened.txt - Collect_info - Visual Studio Code
-----------------------------
2025-03-05 22:03:45 - Fenêtres fermées :
0x03e00004  0 aidan window_changes.log - Collect_info - Visual Studio Code
-----------------------------
2025-03-05 22:03:51 - Nouvelles fenêtres ajoutées :
0x03e00004  0 aidan ● test_file_opened.txt - Collect_info - Visual Studio Code
-----------------------------
2025-03-05 22:03:51 - Fenêtres fermées :
0x03e00004  0 aidan test_file_opened.txt - Collect_info - Visual Studio Code
-----------------------------
2025-03-05 22:03:53 - Nouvelles fenêtres ajoutées :
0x03e00004  0 aidan test_file_opened.txt - Collect_info - Visual Studio Code
-----------------------------
2025-03-05 22:03:53 - Fenêtres fermées :
0x03e00004  0 aidan ● test_file_opened.txt - Collect_info - Visual Studio Code
-----------------------------
2025-03-05 22:04:26 - Nouvelles fenêtres ajoutées :
0x03e00004  0 aidan window_changes.log - Collect_info - Visual Studio Code
-----------------------------
2025-03-05 22:04:26 - Fenêtres fermées :
0x03e00004  0 aidan test_file_opened.txt - Collect_info - Visual Studio Code
-----------------------------
2025-03-05 22:04:40 - Nouvelles fenêtres ajoutées :
0x03e00004  0 aidan technique.txt - Collect_info - Visual Studio Code
-----------------------------
2025-03-05 22:04:40 - Fenêtres fermées :
0x03e00004  0 aidan window_changes.log - Collect_info - Visual Studio Code
-----------------------------
2025-03-05 22:04:58 - Nouvelles fenêtres ajoutées :
0x03e00004  0 aidan ● technique.txt - Collect_info - Visual Studio Code
-----------------------------
2025-03-05 22:04:58 - Fenêtres fermées :
0x03e00004  0 aidan technique.txt - Collect_info - Visual Studio Code
-----------------------------
2025-03-05 22:05:00 - Nouvelles fenêtres ajoutées :
0x03e00004  0 aidan technique.txt - Collect_info - Visual Studio Code
-----------------------------
2025-03-05 22:05:00 - Fenêtres fermées :
0x03e00004  0 aidan ● technique.txt - Collect_info - Visual Studio Code
-----------------------------
2025-03-05 22:05:04 - Nouvelles fenêtres ajoutées :
0x03e00004  0 aidan test_file_opened.txt - Collect_info - Visual Studio Code
-----------------------------
2025-03-05 22:05:04 - Fenêtres fermées :
0x03e00004  0 aidan technique.txt - Collect_info - Visual Studio Code
-----------------------------
2025-03-05 22:05:14 - Nouvelles fenêtres ajoutées :
0x03e00004  0 aidan ● test_file_opened.txt - Collect_info - Visual Studio Code
-----------------------------
2025-03-05 22:05:14 - Fenêtres fermées :
0x03e00004  0 aidan test_file_opened.txt - Collect_info - Visual Studio Code
-----------------------------
2025-03-05 22:05:16 - Nouvelles fenêtres ajoutées :
0x03e00004  0 aidan test_file_opened.txt - Collect_info - Visual Studio Code
-----------------------------
2025-03-05 22:05:16 - Fenêtres fermées :
0x03e00004  0 aidan ● test_file_opened.txt - Collect_info - Visual Studio Code
-----------------------------
2025-03-05 22:07:24 - Nouvelles fenêtres ajoutées :
0x03000006  0 aidan 『Oh! My☆God!!』.mp4 - VLC media player
-----------------------------
2025-03-05 22:07:24 - Fenêtres fermées :
0x03000006  0 aidan The World God Only Knows - All 4 You AMV.mp4 - VLC media player
-----------------------------
2025-03-05 22:11:06 - Nouvelles fenêtres ajoutées :
0x03e00004  0 aidan corrected_try_script.sh - Collect_info - Visual Studio Code
-----------------------------
2025-03-05 22:11:06 - Fenêtres fermées :
0x03e00004  0 aidan test_file_opened.txt - Collect_info - Visual Studio Code
-----------------------------
2025-03-05 22:12:03 - Nouvelles fenêtres ajoutées :
0x03000006  0 aidan 【AMV】Double Vision.mp4 - VLC media player
-----------------------------
2025-03-05 22:12:03 - Fenêtres fermées :
0x03000006  0 aidan 『Oh! My☆God!!』.mp4 - VLC media player
-----------------------------
2025-03-05 22:15:12 - Nouvelles fenêtres ajoutées :
0x03e00004  0 aidan test_file_opened.txt - Collect_info - Visual Studio Code
-----------------------------
2025-03-05 22:15:12 - Fenêtres fermées :
0x03e00004  0 aidan corrected_try_script.sh - Collect_info - Visual Studio Code
-----------------------------
2025-03-05 22:15:14 - Nouvelles fenêtres ajoutées :
0x03000006  0 aidan 【MAD】ONEPIECE ワノ国 × かくれんぼ 【鬼ヶ島頂上決戦編】.mp4 - VLC media player
0x03e00004  0 aidan try_script.sh - Collect_info - Visual Studio Code
-----------------------------
2025-03-05 22:15:14 - Fenêtres fermées :
0x03000006  0 aidan 【AMV】Double Vision.mp4 - VLC media player
0x03e00004  0 aidan test_file_opened.txt - Collect_info - Visual Studio Code
-----------------------------
2025-03-05 22:15:36 - Nouvelles fenêtres ajoutées :
0x03000006  0 aidan [Kanji_Romaji_English] Hyouka-Kimi ni Matsuwaru Mystery (Ending 2) 君にまつわるミステリー(1).mp4 - VLC media player
-----------------------------
2025-03-05 22:15:36 - Fenêtres fermées :
0x03000006  0 aidan 【MAD】ONEPIECE ワノ国 × かくれんぼ 【鬼ヶ島頂上決戦編】.mp4 - VLC media player
-----------------------------
2025-03-05 22:15:44 - Nouvelles fenêtres ajoutées :
0x03e00004  0 aidan TODO.txt - Collect_info - Visual Studio Code
-----------------------------
2025-03-05 22:15:44 - Fenêtres fermées :
0x03e00004  0 aidan try_script.sh - Collect_info - Visual Studio Code
-----------------------------
2025-03-05 22:15:46 - Nouvelles fenêtres ajoutées :
0x03e00004  0 aidan try_script.sh - Collect_info - Visual Studio Code
-----------------------------
2025-03-05 22:15:46 - Fenêtres fermées :
0x03e00004  0 aidan TODO.txt - Collect_info - Visual Studio Code
-----------------------------
2025-03-05 22:16:19 - Nouvelles fenêtres ajoutées :
0x03e00004  0 aidan test_file_opened.txt - Collect_info - Visual Studio Code
-----------------------------
2025-03-05 22:16:19 - Fenêtres fermées :
0x03e00004  0 aidan try_script.sh - Collect_info - Visual Studio Code
-----------------------------
2025-03-05 22:16:21 - Nouvelles fenêtres ajoutées :
0x03e00004  0 aidan technique.txt - Collect_info - Visual Studio Code
-----------------------------
2025-03-05 22:16:21 - Fenêtres fermées :
0x03e00004  0 aidan test_file_opened.txt - Collect_info - Visual Studio Code
-----------------------------
2025-03-05 22:16:29 - Nouvelles fenêtres ajoutées :
0x03e00004  0 aidan quest.txt - Collect_info - Visual Studio Code
-----------------------------
2025-03-05 22:16:29 - Fenêtres fermées :
0x03e00004  0 aidan technique.txt - Collect_info - Visual Studio Code
-----------------------------
2025-03-05 22:16:41 - Nouvelles fenêtres ajoutées :
0x03e00004  0 aidan option.txt - Collect_info - Visual Studio Code
-----------------------------
2025-03-05 22:16:41 - Fenêtres fermées :
0x03e00004  0 aidan quest.txt - Collect_info - Visual Studio Code
-----------------------------
2025-03-05 22:16:47 - Nouvelles fenêtres ajoutées :
0x03e00004  0 aidan get_closing_time.txt - Collect_info - Visual Studio Code
-----------------------------
2025-03-05 22:16:47 - Fenêtres fermées :
0x03e00004  0 aidan option.txt - Collect_info - Visual Studio Code
-----------------------------
2025-03-05 22:17:08 - Nouvelles fenêtres ajoutées :
0x03e00004  0 aidan fermeture.sh - Collect_info - Visual Studio Code
-----------------------------
2025-03-05 22:17:08 - Fenêtres fermées :
0x03e00004  0 aidan get_closing_time.txt - Collect_info - Visual Studio Code
-----------------------------
2025-03-05 22:17:30 - Nouvelles fenêtres ajoutées :
0x03e00004  0 aidan script.sh - Collect_info - Visual Studio Code
-----------------------------
2025-03-05 22:17:30 - Fenêtres fermées :
0x03e00004  0 aidan fermeture.sh - Collect_info - Visual Studio Code
-----------------------------
2025-03-05 22:18:07 - Nouvelles fenêtres ajoutées :
0x03e00004  0 aidan _window.sh - Collect_info - Visual Studio Code
-----------------------------
2025-03-05 22:18:07 - Fenêtres fermées :
0x03e00004  0 aidan script.sh - Collect_info - Visual Studio Code
-----------------------------
2025-03-05 22:18:09 - Nouvelles fenêtres ajoutées :
0x03e00004  0 aidan about_site.md - Collect_info - Visual Studio Code
-----------------------------
2025-03-05 22:18:09 - Fenêtres fermées :
0x03e00004  0 aidan _window.sh - Collect_info - Visual Studio Code
-----------------------------
2025-03-05 22:18:15 - Nouvelles fenêtres ajoutées :
0x03e00004  0 aidan collection.py - Collect_info - Visual Studio Code
-----------------------------
2025-03-05 22:18:15 - Fenêtres fermées :
0x03e00004  0 aidan about_site.md - Collect_info - Visual Studio Code
-----------------------------
2025-03-05 22:18:41 - Nouvelles fenêtres ajoutées :
0x03e00004  0 aidan com.md - Collect_info - Visual Studio Code
-----------------------------
2025-03-05 22:18:41 - Fenêtres fermées :
0x03e00004  0 aidan collection.py - Collect_info - Visual Studio Code
-----------------------------
2025-03-05 22:19:08 - Nouvelles fenêtres ajoutées :
0x03e00004  0 aidan COMMAND_lsof.md - Collect_info - Visual Studio Code
-----------------------------
2025-03-05 22:19:08 - Fenêtres fermées :
0x03e00004  0 aidan com.md - Collect_info - Visual Studio Code
-----------------------------
2025-03-05 22:19:10 - Nouvelles fenêtres ajoutées :
0x03e00004  0 aidan corrected_monitor_windows.sh - Collect_info - Visual Studio Code
-----------------------------
2025-03-05 22:19:10 - Fenêtres fermées :
0x03e00004  0 aidan COMMAND_lsof.md - Collect_info - Visual Studio Code
-----------------------------
2025-03-05 22:19:26 - Nouvelles fenêtres ajoutées :
0x03e00004  0 aidan THE_COMMAND.txt - Collect_info - Visual Studio Code
-----------------------------
2025-03-05 22:19:26 - Fenêtres fermées :
0x03e00004  0 aidan corrected_monitor_windows.sh - Collect_info - Visual Studio Code
-----------------------------
2025-03-05 22:19:28 - Nouvelles fenêtres ajoutées :
0x03e00004  0 aidan test_file_opened.txt - Collect_info - Visual Studio Code
-----------------------------
2025-03-05 22:19:28 - Fenêtres fermées :
0x03e00004  0 aidan THE_COMMAND.txt - Collect_info - Visual Studio Code
-----------------------------
2025-03-05 22:19:30 - Nouvelles fenêtres ajoutées :
0x03e00004  0 aidan technique.txt - Collect_info - Visual Studio Code
-----------------------------
2025-03-05 22:19:30 - Fenêtres fermées :
0x03e00004  0 aidan test_file_opened.txt - Collect_info - Visual Studio Code
-----------------------------
2025-03-05 22:19:42 - Nouvelles fenêtres ajoutées :
0x03e00004  0 aidan try_script.sh - Collect_info - Visual Studio Code
-----------------------------
2025-03-05 22:19:42 - Fenêtres fermées :
0x03e00004  0 aidan technique.txt - Collect_info - Visual Studio Code
-----------------------------
2025-03-05 22:19:52 - Nouvelles fenêtres ajoutées :
0x03000006  0 aidan 986159084778584 - VLC media player
-----------------------------
2025-03-05 22:19:52 - Fenêtres fermées :
0x03000006  0 aidan [Kanji_Romaji_English] Hyouka-Kimi ni Matsuwaru Mystery (Ending 2) 君にまつわるミステリー(1).mp4 - VLC media player
-----------------------------
2025-03-05 22:22:09 - Nouvelles fenêtres ajoutées :
0x03e00004  0 aidan ● try_script.sh - Collect_info - Visual Studio Code
-----------------------------
2025-03-05 22:22:09 - Fenêtres fermées :
0x03e00004  0 aidan try_script.sh - Collect_info - Visual Studio Code
-----------------------------
2025-03-05 22:22:11 - Nouvelles fenêtres ajoutées :
0x03e00004  0 aidan try_script.sh - Collect_info - Visual Studio Code
-----------------------------
2025-03-05 22:22:11 - Fenêtres fermées :
0x03e00004  0 aidan ● try_script.sh - Collect_info - Visual Studio Code
-----------------------------
2025-03-05 22:22:27 - Nouvelles fenêtres ajoutées :
0x03e00004  0 aidan ● try_script.sh - Collect_info - Visual Studio Code
-----------------------------
2025-03-05 22:22:27 - Fenêtres fermées :
0x03e00004  0 aidan try_script.sh - Collect_info - Visual Studio Code
-----------------------------
2025-03-05 22:22:29 - Nouvelles fenêtres ajoutées :
0x03e00004  0 aidan try_script.sh - Collect_info - Visual Studio Code
-----------------------------
2025-03-05 22:22:29 - Fenêtres fermées :
0x03e00004  0 aidan ● try_script.sh - Collect_info - Visual Studio Code
-----------------------------
2025-03-05 22:23:10 - Nouvelles fenêtres ajoutées :
0x03e00004  0 aidan ● try_script.sh - Collect_info - Visual Studio Code
-----------------------------
2025-03-05 22:23:10 - Fenêtres fermées :
0x03e00004  0 aidan try_script.sh - Collect_info - Visual Studio Code
-----------------------------
2025-03-05 22:23:24 - Nouvelles fenêtres ajoutées :
0x03e00004  0 aidan try_script.sh - Collect_info - Visual Studio Code
-----------------------------
2025-03-05 22:23:24 - Fenêtres fermées :
0x03e00004  0 aidan ● try_script.sh - Collect_info - Visual Studio Code
-----------------------------
2025-03-05 22:23:58 - Nouvelles fenêtres ajoutées :
0x03000006  0 aidan 『It's All Right』.mp4 - VLC media player
-----------------------------
2025-03-05 22:23:58 - Fenêtres fermées :
0x03000006  0 aidan 986159084778584 - VLC media player
-----------------------------
2025-03-05 22:25:56 - Nouvelles fenêtres ajoutées :
0x0240d8ce  0 aidan Documents
-----------------------------
2025-03-05 22:25:58 - Nouvelles fenêtres ajoutées :
0x0240d8ce  0 aidan anime songs
-----------------------------
2025-03-05 22:25:58 - Fenêtres fermées :
0x0240d8ce  0 aidan Documents
-----------------------------
2025-03-05 22:27:38 - Nouvelles fenêtres ajoutées :
0x03000006  0 aidan 259282363707798 - VLC media player
-----------------------------
2025-03-05 22:27:38 - Fenêtres fermées :
0x03000006  0 aidan 『It's All Right』.mp4 - VLC media player
-----------------------------
2025-03-05 22:30:18 - Nouvelles fenêtres ajoutées :
0x03000006  0 aidan This Game - OP Full - No Game No Life by Konomi Suzuki (Lyrics).mp4 - VLC media player
-----------------------------
2025-03-05 22:30:18 - Fenêtres fermées :
0x03000006  0 aidan 259282363707798 - VLC media player
-----------------------------
2025-03-05 22:35:00 - Nouvelles fenêtres ajoutées :
0x03000006  0 aidan ORACION - No Game No Life ED [Ai Kayano] FULL LYRICS.mp4 - VLC media player
-----------------------------
2025-03-05 22:35:00 - Fenêtres fermées :
0x03000006  0 aidan This Game - OP Full - No Game No Life by Konomi Suzuki (Lyrics).mp4 - VLC media player
-----------------------------
2025-03-05 22:39:35 - Nouvelles fenêtres ajoutées :
0x03000006  0 aidan 「 Nightcore 」→ Twinkle Star (Feat. Shiori)『 花澤 香菜 __ Kana Hanazawa 』.mp4 - VLC media player
-----------------------------
2025-03-05 22:39:35 - Fenêtres fermées :
0x03000006  0 aidan ORACION - No Game No Life ED [Ai Kayano] FULL LYRICS.mp4 - VLC media player
-----------------------------
2025-03-05 22:41:15 - Nouvelles fenêtres ajoutées :
0x04a0001c  0 aidan Etat des fichiers ouverts - Google Chrome
-----------------------------
2025-03-05 22:41:15 - Fenêtres fermées :
0x04a0001c  0 aidan Affichage des demandes - Google Chrome
-----------------------------
2025-03-05 22:43:17 - Nouvelles fenêtres ajoutées :
0x03000006  0 aidan 418217831909315 - VLC media player
-----------------------------
2025-03-05 22:43:17 - Fenêtres fermées :
0x03000006  0 aidan 「 Nightcore 」→ Twinkle Star (Feat. Shiori)『 花澤 香菜 __ Kana Hanazawa 』.mp4 - VLC media player
-----------------------------
2025-03-05 22:46:10 - Nouvelles fenêtres ajoutées :
0x03e00004  0 aidan ● try_script.sh - Collect_info - Visual Studio Code
-----------------------------
2025-03-05 22:46:10 - Fenêtres fermées :
0x03e00004  0 aidan try_script.sh - Collect_info - Visual Studio Code
-----------------------------
2025-03-05 22:46:12 - Nouvelles fenêtres ajoutées :
0x03e00004  0 aidan try_script.sh - Collect_info - Visual Studio Code
-----------------------------
2025-03-05 22:46:12 - Fenêtres fermées :
0x03e00004  0 aidan ● try_script.sh - Collect_info - Visual Studio Code
-----------------------------
2025-03-05 22:46:50 - Nouvelles fenêtres ajoutées :
0x03000006  0 aidan facebook_video_1692882736684.mp4 - VLC media player
-----------------------------
2025-03-05 22:46:50 - Fenêtres fermées :
0x03000006  0 aidan 418217831909315 - VLC media player
-----------------------------
2025-03-05 22:50:09 - Nouvelles fenêtres ajoutées :
0x03000006  0 aidan The World God Only Knows - Hikari no Kiseki AMV.mp4 - VLC media player
-----------------------------
2025-03-05 22:50:09 - Fenêtres fermées :
0x03000006  0 aidan facebook_video_1692882736684.mp4 - VLC media player
-----------------------------
2025-03-05 22:54:31 - Nouvelles fenêtres ajoutées :
0x03000006  0 aidan 『Happy Crescent』.mp4 - VLC media player
-----------------------------
2025-03-05 22:54:31 - Fenêtres fermées :
0x03000006  0 aidan The World God Only Knows - Hikari no Kiseki AMV.mp4 - VLC media player
-----------------------------
2025-03-05 22:58:13 - Nouvelles fenêtres ajoutées :
0x03000006  0 aidan Ai no Yokan - Itou Kanae & more 【Lyrics】.mp4 - VLC media player
-----------------------------
2025-03-05 22:58:13 - Fenêtres fermées :
0x03000006  0 aidan 『Happy Crescent』.mp4 - VLC media player
-----------------------------
2025-03-05 23:01:34 - Nouvelles fenêtres ajoutées :
0x03e00004  0 aidan ● get_final_response.txt - Collect_info - Visual Studio Code
-----------------------------
2025-03-05 23:01:34 - Fenêtres fermées :
0x03e00004  0 aidan try_script.sh - Collect_info - Visual Studio Code
-----------------------------
2025-03-05 23:02:04 - Nouvelles fenêtres ajoutées :
0x03e00004  0 aidan get_final_response.txt - Collect_info - Visual Studio Code
-----------------------------
2025-03-05 23:02:04 - Fenêtres fermées :
0x03e00004  0 aidan ● get_final_response.txt - Collect_info - Visual Studio Code
-----------------------------
2025-03-05 23:02:21 - Nouvelles fenêtres ajoutées :
0x03e00004  0 aidan try_script.sh - Collect_info - Visual Studio Code
-----------------------------
2025-03-05 23:02:21 - Fenêtres fermées :
0x03e00004  0 aidan get_final_response.txt - Collect_info - Visual Studio Code
-----------------------------
2025-03-05 23:02:23 - Nouvelles fenêtres ajoutées :
0x03000006  0 aidan facebook_video_1692883256215.mp4 - VLC media player
-----------------------------
2025-03-05 23:02:23 - Fenêtres fermées :
0x03000006  0 aidan Ai no Yokan - Itou Kanae & more 【Lyrics】.mp4 - VLC media player
-----------------------------
2025-03-05 23:02:27 - Nouvelles fenêtres ajoutées :
0x03e00004  0 aidan get_closing_time.txt - Collect_info - Visual Studio Code
-----------------------------
2025-03-05 23:02:27 - Fenêtres fermées :
0x03e00004  0 aidan try_script.sh - Collect_info - Visual Studio Code
-----------------------------
2025-03-05 23:02:29 - Nouvelles fenêtres ajoutées :
0x03e00004  0 aidan get_final_response.txt - Collect_info - Visual Studio Code
-----------------------------
2025-03-05 23:02:29 - Fenêtres fermées :
0x03e00004  0 aidan get_closing_time.txt - Collect_info - Visual Studio Code
-----------------------------
2025-03-05 23:02:31 - Nouvelles fenêtres ajoutées :
0x03e00004  0 aidan ● get_final_response.txt - Collect_info - Visual Studio Code
-----------------------------
2025-03-05 23:02:31 - Fenêtres fermées :
0x03e00004  0 aidan get_final_response.txt - Collect_info - Visual Studio Code
-----------------------------
2025-03-05 23:02:41 - Nouvelles fenêtres ajoutées :
0x03e00004  0 aidan get_final_response.txt - Collect_info - Visual Studio Code
-----------------------------
2025-03-05 23:02:41 - Fenêtres fermées :
0x03e00004  0 aidan ● get_final_response.txt - Collect_info - Visual Studio Code
-----------------------------
2025-03-05 23:03:07 - Nouvelles fenêtres ajoutées :
0x03e00004  0 aidan ● get_final_response.txt - Collect_info - Visual Studio Code
-----------------------------
2025-03-05 23:03:07 - Fenêtres fermées :
0x03e00004  0 aidan get_final_response.txt - Collect_info - Visual Studio Code
-----------------------------
2025-03-05 23:04:02 - Nouvelles fenêtres ajoutées :
0x03e00004  0 aidan get_final_response.txt - Collect_info - Visual Studio Code
-----------------------------
2025-03-05 23:04:02 - Fenêtres fermées :
0x03e00004  0 aidan ● get_final_response.txt - Collect_info - Visual Studio Code
-----------------------------
2025-03-05 23:04:33 - Nouvelles fenêtres ajoutées :
0x03e00004  0 aidan ● get_final_response.txt - Collect_info - Visual Studio Code
-----------------------------
2025-03-05 23:04:33 - Fenêtres fermées :
0x03e00004  0 aidan get_final_response.txt - Collect_info - Visual Studio Code
-----------------------------
2025-03-05 23:04:53 - Nouvelles fenêtres ajoutées :
0x03e00004  0 aidan get_final_response.txt - Collect_info - Visual Studio Code
-----------------------------
2025-03-05 23:04:53 - Fenêtres fermées :
0x03e00004  0 aidan ● get_final_response.txt - Collect_info - Visual Studio Code
-----------------------------
2025-03-05 23:04:57 - Nouvelles fenêtres ajoutées :
0x03e00004  0 aidan ● get_final_response.txt - Collect_info - Visual Studio Code
-----------------------------
2025-03-05 23:04:57 - Fenêtres fermées :
0x03e00004  0 aidan get_final_response.txt - Collect_info - Visual Studio Code
-----------------------------
2025-03-05 23:05:14 - Nouvelles fenêtres ajoutées :
0x03000006  0 aidan Twinkle-Star-By-Shiori-Kana-Hanazawa Download link in description.mp4 - VLC media player
-----------------------------
2025-03-05 23:05:14 - Fenêtres fermées :
0x03000006  0 aidan facebook_video_1692883256215.mp4 - VLC media player
-----------------------------
2025-03-05 23:05:34 - Nouvelles fenêtres ajoutées :
0x03e00004  0 aidan get_final_response.txt - Collect_info - Visual Studio Code
-----------------------------
2025-03-05 23:05:34 - Fenêtres fermées :
0x03e00004  0 aidan ● get_final_response.txt - Collect_info - Visual Studio Code
-----------------------------
2025-03-05 23:05:44 - Nouvelles fenêtres ajoutées :
0x03e00004  0 aidan ● get_final_response.txt - Collect_info - Visual Studio Code
-----------------------------
2025-03-05 23:05:44 - Fenêtres fermées :
0x03e00004  0 aidan get_final_response.txt - Collect_info - Visual Studio Code
-----------------------------
2025-03-05 23:06:04 - Nouvelles fenêtres ajoutées :
0x03e00004  0 aidan get_final_response.txt - Collect_info - Visual Studio Code
-----------------------------
2025-03-05 23:06:04 - Fenêtres fermées :
0x03e00004  0 aidan ● get_final_response.txt - Collect_info - Visual Studio Code
-----------------------------
2025-03-05 23:08:15 - Nouvelles fenêtres ajoutées :
0x03000006  0 aidan Twinkle Star «Shiori Shiomiya» [Sub INDO].mp4 - VLC media player
-----------------------------
2025-03-05 23:08:15 - Fenêtres fermées :
0x03000006  0 aidan Twinkle-Star-By-Shiori-Kana-Hanazawa Download link in description.mp4 - VLC media player
-----------------------------
2025-03-05 23:12:08 - Nouvelles fenêtres ajoutées :
0x03000006  0 aidan 『Tatta Ichido no Kiseki』.mp4 - VLC media player
-----------------------------
2025-03-05 23:12:08 - Fenêtres fermées :
0x03000006  0 aidan Twinkle Star «Shiori Shiomiya» [Sub INDO].mp4 - VLC media player
-----------------------------
2025-03-05 23:15:42 - Nouvelles fenêtres ajoutées :
0x03000006  0 aidan 『Oh! My☆God!!』.mp4 - VLC media player
-----------------------------
2025-03-05 23:15:42 - Fenêtres fermées :
0x03000006  0 aidan 『Tatta Ichido no Kiseki』.mp4 - VLC media player
-----------------------------
2025-03-05 23:20:18 - Nouvelles fenêtres ajoutées :
0x03000006  0 aidan 986159084778584 - VLC media player
-----------------------------
2025-03-05 23:20:18 - Fenêtres fermées :
0x03000006  0 aidan 『Oh! My☆God!!』.mp4 - VLC media player
-----------------------------
2025-03-05 23:22:38 - Nouvelles fenêtres ajoutées :
0x03e00004  0 aidan ● get_final_response.txt - Collect_info - Visual Studio Code
-----------------------------
2025-03-05 23:22:38 - Fenêtres fermées :
0x03e00004  0 aidan get_final_response.txt - Collect_info - Visual Studio Code
-----------------------------
2025-03-05 23:22:52 - Nouvelles fenêtres ajoutées :
0x03e00004  0 aidan get_final_response.txt - Collect_info - Visual Studio Code
-----------------------------
2025-03-05 23:22:52 - Fenêtres fermées :
0x03e00004  0 aidan ● get_final_response.txt - Collect_info - Visual Studio Code
-----------------------------
2025-03-05 23:22:58 - Nouvelles fenêtres ajoutées :
0x03e00004  0 aidan ● get_final_response.txt - Collect_info - Visual Studio Code
-----------------------------
2025-03-05 23:22:58 - Fenêtres fermées :
0x03e00004  0 aidan get_final_response.txt - Collect_info - Visual Studio Code
-----------------------------
2025-03-05 23:23:19 - Nouvelles fenêtres ajoutées :
0x03e00004  0 aidan get_final_response.txt - Collect_info - Visual Studio Code
-----------------------------
2025-03-05 23:23:19 - Fenêtres fermées :
0x03e00004  0 aidan ● get_final_response.txt - Collect_info - Visual Studio Code
-----------------------------
2025-03-05 23:24:01 - Nouvelles fenêtres ajoutées :
0x03e00004  0 aidan ● get_final_response.txt - Collect_info - Visual Studio Code
-----------------------------
2025-03-05 23:24:01 - Fenêtres fermées :
0x03e00004  0 aidan get_final_response.txt - Collect_info - Visual Studio Code
-----------------------------
2025-03-05 23:24:14 - Nouvelles fenêtres ajoutées :
0x03e00004  0 aidan get_final_response.txt - Collect_info - Visual Studio Code
-----------------------------
2025-03-05 23:24:14 - Fenêtres fermées :
0x03e00004  0 aidan ● get_final_response.txt - Collect_info - Visual Studio Code
-----------------------------
2025-03-05 23:24:16 - Nouvelles fenêtres ajoutées :
0x03e00004  0 aidan ● get_final_response.txt - Collect_info - Visual Studio Code
-----------------------------
2025-03-05 23:24:16 - Fenêtres fermées :
0x03e00004  0 aidan get_final_response.txt - Collect_info - Visual Studio Code
-----------------------------
2025-03-05 23:24:24 - Nouvelles fenêtres ajoutées :
0x03000006  0 aidan 『Happy Crescent』.mp4 - VLC media player
-----------------------------
2025-03-05 23:24:24 - Fenêtres fermées :
0x03000006  0 aidan 986159084778584 - VLC media player
-----------------------------
2025-03-05 23:24:40 - Nouvelles fenêtres ajoutées :
0x03e00004  0 aidan get_final_response.txt - Collect_info - Visual Studio Code
-----------------------------
2025-03-05 23:24:40 - Fenêtres fermées :
0x03e00004  0 aidan ● get_final_response.txt - Collect_info - Visual Studio Code
-----------------------------
2025-03-05 23:24:44 - Nouvelles fenêtres ajoutées :
0x03e00004  0 aidan ● get_final_response.txt - Collect_info - Visual Studio Code
-----------------------------
2025-03-05 23:24:44 - Fenêtres fermées :
0x03e00004  0 aidan get_final_response.txt - Collect_info - Visual Studio Code
-----------------------------
2025-03-05 23:26:34 - Nouvelles fenêtres ajoutées :
0x03e00004  0 aidan get_final_response.txt - Collect_info - Visual Studio Code
-----------------------------
2025-03-05 23:26:34 - Fenêtres fermées :
0x03e00004  0 aidan ● get_final_response.txt - Collect_info - Visual Studio Code
-----------------------------
2025-03-05 23:26:36 - Nouvelles fenêtres ajoutées :
0x03e00004  0 aidan ● get_final_response.txt - Collect_info - Visual Studio Code
-----------------------------
2025-03-05 23:26:36 - Fenêtres fermées :
0x03e00004  0 aidan get_final_response.txt - Collect_info - Visual Studio Code
-----------------------------
2025-03-05 23:26:48 - Nouvelles fenêtres ajoutées :
0x03e00004  0 aidan get_final_response.txt - Collect_info - Visual Studio Code
-----------------------------
2025-03-05 23:26:48 - Fenêtres fermées :
0x03e00004  0 aidan ● get_final_response.txt - Collect_info - Visual Studio Code
-----------------------------
2025-03-05 23:28:03 - Fenêtres fermées :
0x03000006  0 aidan 『Happy Crescent』.mp4 - VLC media player
-----------------------------
2025-03-05 23:28:50 - Nouvelles fenêtres ajoutées :
0x03e00004  0 aidan ● get_final_response.txt - Collect_info - Visual Studio Code
-----------------------------
2025-03-05 23:28:50 - Fenêtres fermées :
0x03e00004  0 aidan get_final_response.txt - Collect_info - Visual Studio Code
-----------------------------
2025-03-05 23:29:07 - Nouvelles fenêtres ajoutées :
0x03e00004  0 aidan get_final_response.txt - Collect_info - Visual Studio Code
-----------------------------
2025-03-05 23:29:07 - Fenêtres fermées :
0x03e00004  0 aidan ● get_final_response.txt - Collect_info - Visual Studio Code
-----------------------------
2025-03-05 23:29:35 - Nouvelles fenêtres ajoutées :
0x03e00004  0 aidan ● get_final_response.txt - Collect_info - Visual Studio Code
-----------------------------
2025-03-05 23:29:35 - Fenêtres fermées :
0x03e00004  0 aidan get_final_response.txt - Collect_info - Visual Studio Code
-----------------------------
2025-03-05 23:29:37 - Nouvelles fenêtres ajoutées :
0x03e00004  0 aidan get_final_response.txt - Collect_info - Visual Studio Code
-----------------------------
2025-03-05 23:29:37 - Fenêtres fermées :
0x03e00004  0 aidan ● get_final_response.txt - Collect_info - Visual Studio Code
-----------------------------
2025-03-05 23:29:41 - Nouvelles fenêtres ajoutées :
0x03e00004  0 aidan ● get_final_response.txt - Collect_info - Visual Studio Code
-----------------------------
2025-03-05 23:29:41 - Fenêtres fermées :
0x03e00004  0 aidan get_final_response.txt - Collect_info - Visual Studio Code
-----------------------------
2025-03-05 23:30:22 - Nouvelles fenêtres ajoutées :
0x03e00004  0 aidan get_final_response.txt - Collect_info - Visual Studio Code
-----------------------------
2025-03-05 23:30:22 - Fenêtres fermées :
0x03e00004  0 aidan ● get_final_response.txt - Collect_info - Visual Studio Code
-----------------------------
2025-03-05 23:30:52 - Nouvelles fenêtres ajoutées :
0x03e00004  0 aidan ● get_final_response.txt - Collect_info - Visual Studio Code
-----------------------------
2025-03-05 23:30:52 - Fenêtres fermées :
0x03e00004  0 aidan get_final_response.txt - Collect_info - Visual Studio Code
-----------------------------
2025-03-05 23:30:56 - Nouvelles fenêtres ajoutées :
0x03e00004  0 aidan get_final_response.txt - Collect_info - Visual Studio Code
-----------------------------
2025-03-05 23:30:56 - Fenêtres fermées :
0x03e00004  0 aidan ● get_final_response.txt - Collect_info - Visual Studio Code
-----------------------------
2025-03-05 23:30:58 - Nouvelles fenêtres ajoutées :
0x03e00004  0 aidan ● get_final_response.txt - Collect_info - Visual Studio Code
-----------------------------
2025-03-05 23:30:58 - Fenêtres fermées :
0x03e00004  0 aidan get_final_response.txt - Collect_info - Visual Studio Code
-----------------------------
2025-03-05 23:31:09 - Nouvelles fenêtres ajoutées :
0x03e00004  0 aidan get_final_response.txt - Collect_info - Visual Studio Code
-----------------------------
2025-03-05 23:31:09 - Fenêtres fermées :
0x03e00004  0 aidan ● get_final_response.txt - Collect_info - Visual Studio Code
-----------------------------
2025-03-05 23:33:07 - Nouvelles fenêtres ajoutées :
0x03e00004  0 aidan new_script_open.sh - Collect_info - Visual Studio Code
-----------------------------
2025-03-05 23:33:07 - Fenêtres fermées :
0x03e00004  0 aidan get_final_response.txt - Collect_info - Visual Studio Code
-----------------------------
2025-03-05 23:42:20 - Fenêtres fermées :
0x00600004  0 aidan 192.168.1.3 - Brave
0x02400008  0 aidan Collect_info
0x02402e58  0 aidan Home
0x0240d8ce  0 aidan anime songs
0x02e00003 -1 aidan @!0,0;BDHF
0x03c0000a  0 aidan aidan@aidan: ~/Documents/Projects/Visualisation/Collect_info
0x03e00004  0 aidan new_script_open.sh - Collect_info - Visual Studio Code
0x04a0001c  0 aidan Etat des fichiers ouverts - Google Chrome
-----------------------------
